<?xml version="1.0" encoding="UTF-8"?>
<!-- Generated by org.testng.reporters.JUnitReportReporter -->
<testsuite hostname="NilkantPersonal" failures="0" tests="1" name="Cucumber.TestNGTestRunner" time="21.088" errors="0" timestamp="2024-05-24T15:49:09 EDT" skipped="0">
  <testcase classname="Cucumber.TestNGTestRunner" name="runScenario" time="21.088"/>
  <system-out/>
</testsuite> <!-- Cucumber.TestNGTestRunner -->
