<?xml version="1.0" encoding="UTF-8"?>
<!-- Generated by org.testng.reporters.JUnitReportReporter -->
<testsuite hostname="NilkantPersonal" failures="0" tests="1" name="nilseleniuminc.tests.ErrorValidationsTest" time="6.899" errors="0" timestamp="2024-05-23T08:46:35 EDT" skipped="0">
  <testcase classname="nilseleniuminc.tests.ErrorValidationsTest" name="loginError" time="6.899"/>
  <system-out/>
</testsuite> <!-- nilseleniuminc.tests.ErrorValidationsTest -->
