<?xml version="1.0" encoding="UTF-8"?>
<!-- Generated by org.testng.reporters.JUnitReportReporter -->
<testsuite hostname="NilkantPersonal" failures="0" tests="3" name="nilseleniuminc.tests.SubmitOrderTest" time="49.664" errors="0" timestamp="2024-05-23T08:49:39 EDT" skipped="0">
  <testcase classname="nilseleniuminc.tests.SubmitOrderTest" name="submitOrder" time="21.586"/>
  <system-out/>
  <testcase classname="nilseleniuminc.tests.SubmitOrderTest" name="submitOrder" time="22.015"/>
  <system-out/>
  <testcase classname="nilseleniuminc.tests.SubmitOrderTest" name="OrderHistory" time="6.063"/>
  <system-out/>
</testsuite> <!-- nilseleniuminc.tests.SubmitOrderTest -->
