<?xml version="1.0" encoding="UTF-8"?>
<!-- Generated by org.testng.reporters.JUnitReportReporter -->
<testsuite hostname="NilkantPersonal" failures="0" tests="2" name="nilseleniuminc.tests.ErrorValidationsTest" time="25.944" errors="0" timestamp="2024-05-23T08:49:39 EDT" skipped="0">
  <testcase classname="nilseleniuminc.tests.ErrorValidationsTest" name="loginError" time="5.875"/>
  <system-out/>
  <testcase classname="nilseleniuminc.tests.ErrorValidationsTest" name="verifyProductInCart" time="20.069"/>
  <system-out/>
</testsuite> <!-- nilseleniuminc.tests.ErrorValidationsTest -->
