<?xml version="1.0" encoding="UTF-8"?>
<!-- Generated by org.testng.reporters.JUnitReportReporter -->
<testsuite hostname="NilkantPersonal" failures="0" tests="1" name="Cucumber.TestNGTestRunner" time="22.555" errors="0" timestamp="2024-05-24T16:03:17 EDT" skipped="0">
  <testcase classname="Cucumber.TestNGTestRunner" name="runScenario" time="22.555"/>
  <system-out/>
</testsuite> <!-- Cucumber.TestNGTestRunner -->
